[2025-05-14 21:53:39] local.INFO: ClearSessionAfterReturn middleware executed  
[2025-05-14 21:53:39] local.INFO: clear_session_on_leave flag: false  
[2025-05-14 21:53:39] local.INFO: After clearing session: {"_token":"OypigbTRnqye6O8CoQ29Jl5X8XdJ75e83SusR9CW"}  
[2025-05-14 21:53:39] local.INFO: ClearSessionAfterReturn middleware executed  
[2025-05-14 21:53:39] local.INFO: clear_session_on_leave flag: false  
[2025-05-14 21:53:39] local.INFO: After clearing session: {"_token":"OypigbTRnqye6O8CoQ29Jl5X8XdJ75e83SusR9CW","_flash":{"old":[],"new":[]}}  
[2025-05-14 21:54:47] local.INFO: ClearSessionAfterReturn middleware executed  
[2025-05-14 21:54:47] local.INFO: clear_session_on_leave flag: false  
[2025-05-14 21:54:47] local.INFO: After clearing session: {"_token":"OypigbTRnqye6O8CoQ29Jl5X8XdJ75e83SusR9CW","_flash":{"old":[],"new":[]},"_previous":{"url":"http:\/\/localhost\/login"}}  
[2025-05-14 21:55:15] local.INFO: ClearSessionAfterReturn middleware executed  
[2025-05-14 21:55:15] local.INFO: clear_session_on_leave flag: false  
[2025-05-14 21:55:15] local.INFO: After clearing session: {"_token":"OypigbTRnqye6O8CoQ29Jl5X8XdJ75e83SusR9CW","_flash":{"old":[],"new":[]},"_previous":{"url":"http:\/\/localhost\/register"},"login_web_59ba36addc2b2f9401580f014c7f58ea4e30989d":72}  
[2025-05-14 21:55:15] local.INFO: ClearSessionAfterReturn middleware executed  
[2025-05-14 21:55:15] local.INFO: clear_session_on_leave flag: false  
[2025-05-14 21:55:15] local.INFO: After clearing session: {"_token":"OypigbTRnqye6O8CoQ29Jl5X8XdJ75e83SusR9CW","_flash":{"old":[],"new":[]},"_previous":{"url":"http:\/\/localhost\/register"},"login_web_59ba36addc2b2f9401580f014c7f58ea4e30989d":72}  
[2025-05-14 21:55:25] local.INFO: ClearSessionAfterReturn middleware executed  
[2025-05-14 21:55:25] local.INFO: clear_session_on_leave flag: false  
[2025-05-14 21:55:25] local.INFO: After clearing session: {"_token":"OypigbTRnqye6O8CoQ29Jl5X8XdJ75e83SusR9CW","_flash":{"old":[],"new":[]},"_previous":{"url":"http:\/\/localhost\/email\/verify"},"login_web_59ba36addc2b2f9401580f014c7f58ea4e30989d":72}  
[2025-05-14 21:55:25] local.INFO: ClearSessionAfterReturn middleware executed  
[2025-05-14 21:55:25] local.INFO: clear_session_on_leave flag: false  
[2025-05-14 21:55:25] local.INFO: After clearing session: {"_token":"OypigbTRnqye6O8CoQ29Jl5X8XdJ75e83SusR9CW","_flash":{"old":[],"new":[]},"_previous":{"url":"http:\/\/localhost\/email\/verify\/72\/ab6db7f68d4692edb3572d4c14e680ebe2c28229?expires=1747230910&signature=2055bddc7e02908825a8ff0ca5288e524751b17fa51337aefd67b997b01a3fa8"},"login_web_59ba36addc2b2f9401580f014c7f58ea4e30989d":72}  
[2025-05-14 21:55:27] local.INFO: ClearSessionAfterReturn middleware executed  
[2025-05-14 21:55:27] local.INFO: clear_session_on_leave flag: false  
[2025-05-14 21:55:27] local.INFO: After clearing session: {"_token":"OypigbTRnqye6O8CoQ29Jl5X8XdJ75e83SusR9CW","_flash":{"old":[],"new":[]},"_previous":{"url":"http:\/\/localhost\/thanks"},"login_web_59ba36addc2b2f9401580f014c7f58ea4e30989d":72}  
[2025-05-14 21:55:41] local.INFO: ClearSessionAfterReturn middleware executed  
[2025-05-14 21:55:41] local.INFO: clear_session_on_leave flag: false  
[2025-05-14 21:55:41] local.INFO: After clearing session: {"_token":"OypigbTRnqye6O8CoQ29Jl5X8XdJ75e83SusR9CW","_flash":{"old":[],"new":["errors"]},"_previous":{"url":"http:\/\/localhost\/login"},"login_web_59ba36addc2b2f9401580f014c7f58ea4e30989d":72,"errors":{}}  
[2025-05-14 21:55:41] local.INFO: ClearSessionAfterReturn middleware executed  
[2025-05-14 21:55:41] local.INFO: clear_session_on_leave flag: false  
[2025-05-14 21:55:41] local.INFO: After clearing session: {"_token":"OypigbTRnqye6O8CoQ29Jl5X8XdJ75e83SusR9CW","_flash":{"old":["errors"],"new":[]},"_previous":{"url":"http:\/\/localhost\/login"},"login_web_59ba36addc2b2f9401580f014c7f58ea4e30989d":72,"errors":{}}  
[2025-05-14 21:56:12] local.INFO: ClearSessionAfterReturn middleware executed  
[2025-05-14 21:56:12] local.INFO: clear_session_on_leave flag: false  
[2025-05-14 21:56:12] local.INFO: After clearing session: {"_token":"OypigbTRnqye6O8CoQ29Jl5X8XdJ75e83SusR9CW","_flash":{"old":[],"new":["errors"]},"_previous":{"url":"http:\/\/localhost\/login"},"login_web_59ba36addc2b2f9401580f014c7f58ea4e30989d":72,"errors":{}}  
[2025-05-14 21:56:12] local.INFO: ClearSessionAfterReturn middleware executed  
[2025-05-14 21:56:12] local.INFO: clear_session_on_leave flag: false  
[2025-05-14 21:56:12] local.INFO: After clearing session: {"_token":"OypigbTRnqye6O8CoQ29Jl5X8XdJ75e83SusR9CW","_flash":{"old":["errors"],"new":[]},"_previous":{"url":"http:\/\/localhost\/login"},"login_web_59ba36addc2b2f9401580f014c7f58ea4e30989d":72,"errors":{}}  
[2025-05-14 21:56:18] local.INFO: ClearSessionAfterReturn middleware executed  
[2025-05-14 21:56:18] local.INFO: clear_session_on_leave flag: false  
[2025-05-14 21:56:18] local.INFO: After clearing session: {"_token":"OypigbTRnqye6O8CoQ29Jl5X8XdJ75e83SusR9CW","_flash":{"old":[],"new":[]},"_previous":{"url":"http:\/\/localhost\/login"},"login_web_59ba36addc2b2f9401580f014c7f58ea4e30989d":72}  
[2025-05-14 21:56:31] local.INFO: ClearSessionAfterReturn middleware executed  
[2025-05-14 21:56:31] local.INFO: clear_session_on_leave flag: false  
[2025-05-14 21:56:31] local.INFO: After clearing session: {"_token":"OypigbTRnqye6O8CoQ29Jl5X8XdJ75e83SusR9CW","_flash":{"old":[],"new":["errors"]},"_previous":{"url":"http:\/\/localhost\/login"},"login_web_59ba36addc2b2f9401580f014c7f58ea4e30989d":72,"errors":{}}  
[2025-05-14 21:56:31] local.INFO: ClearSessionAfterReturn middleware executed  
[2025-05-14 21:56:31] local.INFO: clear_session_on_leave flag: false  
[2025-05-14 21:56:31] local.INFO: After clearing session: {"_token":"OypigbTRnqye6O8CoQ29Jl5X8XdJ75e83SusR9CW","_flash":{"old":["errors"],"new":[]},"_previous":{"url":"http:\/\/localhost\/login"},"login_web_59ba36addc2b2f9401580f014c7f58ea4e30989d":72,"errors":{}}  
[2025-05-14 21:57:16] local.INFO: ClearSessionAfterReturn middleware executed  
[2025-05-14 21:57:16] local.INFO: clear_session_on_leave flag: false  
[2025-05-14 21:57:16] local.INFO: After clearing session: {"_token":"OypigbTRnqye6O8CoQ29Jl5X8XdJ75e83SusR9CW","_flash":{"old":[],"new":[]},"_previous":{"url":"http:\/\/localhost\/login"},"login_web_59ba36addc2b2f9401580f014c7f58ea4e30989d":72}  
[2025-05-14 21:57:39] local.INFO: ClearSessionAfterReturn middleware executed  
[2025-05-14 21:57:39] local.INFO: clear_session_on_leave flag: false  
[2025-05-14 21:57:39] local.INFO: After clearing session: {"_token":"OypigbTRnqye6O8CoQ29Jl5X8XdJ75e83SusR9CW","_flash":{"old":[],"new":[]},"_previous":{"url":"http:\/\/localhost\/register"},"login_web_59ba36addc2b2f9401580f014c7f58ea4e30989d":72}  
[2025-05-14 21:57:39] local.INFO: ClearSessionAfterReturn middleware executed  
[2025-05-14 21:57:39] local.INFO: clear_session_on_leave flag: false  
[2025-05-14 21:57:39] local.INFO: After clearing session: {"_token":"OypigbTRnqye6O8CoQ29Jl5X8XdJ75e83SusR9CW","_flash":{"old":[],"new":[]},"_previous":{"url":"http:\/\/localhost\/register"},"login_web_59ba36addc2b2f9401580f014c7f58ea4e30989d":72}  
[2025-05-14 21:57:55] local.INFO: ClearSessionAfterReturn middleware executed  
[2025-05-14 21:57:55] local.INFO: clear_session_on_leave flag: false  
[2025-05-14 21:57:55] local.INFO: After clearing session: {"_token":"OypigbTRnqye6O8CoQ29Jl5X8XdJ75e83SusR9CW","_flash":{"old":[],"new":[]},"_previous":{"url":"http:\/\/localhost\/email\/verify"},"login_web_59ba36addc2b2f9401580f014c7f58ea4e30989d":72}  
[2025-05-14 21:57:55] local.INFO: ClearSessionAfterReturn middleware executed  
[2025-05-14 21:57:55] local.INFO: clear_session_on_leave flag: false  
[2025-05-14 21:57:55] local.INFO: After clearing session: {"_token":"OypigbTRnqye6O8CoQ29Jl5X8XdJ75e83SusR9CW","_flash":{"old":[],"new":[]},"_previous":{"url":"http:\/\/localhost\/email\/verify\/72\/e6903bd26c2defd7dec696f2b46903196e3ccde9?expires=1747231056&signature=1412b72819cc395d397d90745f012c94f34979f1fba5cbf467b806c880922ed2"},"login_web_59ba36addc2b2f9401580f014c7f58ea4e30989d":72}  
[2025-05-14 21:57:56] local.INFO: ClearSessionAfterReturn middleware executed  
[2025-05-14 21:57:56] local.INFO: clear_session_on_leave flag: false  
[2025-05-14 21:57:56] local.INFO: After clearing session: {"_token":"OypigbTRnqye6O8CoQ29Jl5X8XdJ75e83SusR9CW","_flash":{"old":[],"new":[]},"_previous":{"url":"http:\/\/localhost\/thanks"},"login_web_59ba36addc2b2f9401580f014c7f58ea4e30989d":72}  
[2025-05-14 21:58:06] local.INFO: ClearSessionAfterReturn middleware executed  
[2025-05-14 21:58:06] local.INFO: clear_session_on_leave flag: false  
[2025-05-14 21:58:06] local.INFO: After clearing session: {"_token":"vYKt93k4C8jAcTbHAv3PTV1PAQDQFEqqjthQ24kS","_flash":{"old":[],"new":[]},"_previous":{"url":"http:\/\/localhost\/login"},"login_web_59ba36addc2b2f9401580f014c7f58ea4e30989d":72}  
[2025-05-14 21:58:06] local.INFO: ClearSessionAfterReturn middleware executed  
[2025-05-14 21:58:06] local.INFO: clear_session_on_leave flag: false  
[2025-05-14 21:58:06] local.INFO: After clearing session: {"_token":"vYKt93k4C8jAcTbHAv3PTV1PAQDQFEqqjthQ24kS","_flash":{"old":[],"new":[]},"_previous":{"url":"http:\/\/localhost\/login"},"login_web_59ba36addc2b2f9401580f014c7f58ea4e30989d":72}  
[2025-05-14 21:58:17] local.INFO: getBusinessHoursメソッドが呼び出されました  
[2025-05-14 21:58:17] local.INFO: パラメータ: {"openTime":"10:00","closeTime":"22:00","date":"2025-05-14","current":"2025-05-14 21:58:17"} 
[2025-05-14 21:58:17] local.INFO: 返却する営業時間:  
[2025-05-14 21:58:17] local.INFO: ClearSessionAfterReturn middleware executed  
[2025-05-14 21:58:17] local.INFO: clear_session_on_leave flag: false  
[2025-05-14 21:58:17] local.INFO: After clearing session: {"_token":"vYKt93k4C8jAcTbHAv3PTV1PAQDQFEqqjthQ24kS","_flash":{"old":[],"new":[]},"_previous":{"url":"http:\/\/localhost"},"login_web_59ba36addc2b2f9401580f014c7f58ea4e30989d":72}  
[2025-05-14 21:58:33] local.INFO: getBusinessHoursメソッドが呼び出されました  
[2025-05-14 21:58:33] local.INFO: パラメータ: {"openTime":"10:00","closeTime":"22:00","date":"2025-05-15","current":null} 
[2025-05-14 21:58:33] local.INFO: 返却する営業時間: ["10:00","10:15","10:30","10:45","11:00","11:15","11:30","11:45","12:00","12:15","12:30","12:45","13:00","13:15","13:30","13:45","14:00","14:15","14:30","14:45","15:00","15:15","15:30","15:45","16:00","16:15","16:30","16:45","17:00","17:15","17:30","17:45","18:00","18:15","18:30","18:45","19:00","19:15","19:30","19:45","20:00","20:15","20:30","20:45","21:00","21:15","21:30","21:45","22:00"] 
[2025-05-14 21:58:33] local.INFO: ClearSessionAfterReturn middleware executed  
[2025-05-14 21:58:33] local.INFO: clear_session_on_leave flag: false  
[2025-05-14 21:58:33] local.INFO: After clearing session: {"_token":"vYKt93k4C8jAcTbHAv3PTV1PAQDQFEqqjthQ24kS","_flash":{"old":[],"new":[]},"_previous":{"url":"http:\/\/localhost\/shops\/1\/details"},"login_web_59ba36addc2b2f9401580f014c7f58ea4e30989d":72,"selected_date":"2025-05-15"}  
[2025-05-14 21:58:40] local.INFO: Store method called  
[2025-05-14 21:58:43] local.INFO: ClearSessionAfterReturn middleware executed  
[2025-05-14 21:58:43] local.INFO: clear_session_on_leave flag: false  
[2025-05-14 21:58:43] local.INFO: After clearing session: {"_token":"vYKt93k4C8jAcTbHAv3PTV1PAQDQFEqqjthQ24kS","_flash":{"old":[],"new":[]},"_previous":{"url":"http:\/\/localhost\/shops\/1\/update-date?date=2025-05-15"},"login_web_59ba36addc2b2f9401580f014c7f58ea4e30989d":72,"selected_date":"2025-05-15","reservation_details":{"shop_id":"1","reservation_datetime":"2025-05-15T03:00:00.000000Z","number":"3","user_id":72,"total_amount":0,"payment_status":"pending","updated_at":"2025-05-14T12:58:40.000000Z","created_at":"2025-05-14T12:58:40.000000Z","id":121,"qr_code":"storage\/qr_codes\/121.svg","user":{"id":72,"user_name":"\u307d\u3093","email":"pon@test.com","email_verified_at":"2025-05-14T12:57:55.000000Z","created_at":"2025-05-14T12:57:36.000000Z","updated_at":"2025-05-14T12:57:55.000000Z","role":3}},"last_visited_shop_id":"1"}  
[2025-05-14 21:58:44] local.INFO: ClearSessionAfterReturn middleware executed  
[2025-05-14 21:58:44] local.INFO: clear_session_on_leave flag: false  
[2025-05-14 21:58:44] local.INFO: After clearing session: {"_token":"vYKt93k4C8jAcTbHAv3PTV1PAQDQFEqqjthQ24kS","_flash":{"old":[],"new":[]},"_previous":{"url":"http:\/\/localhost\/shops\/1\/update-date?date=2025-05-15"},"login_web_59ba36addc2b2f9401580f014c7f58ea4e30989d":72,"selected_date":"2025-05-15","reservation_details":{"shop_id":"1","reservation_datetime":"2025-05-15T03:00:00.000000Z","number":"3","user_id":72,"total_amount":0,"payment_status":"pending","updated_at":"2025-05-14T12:58:40.000000Z","created_at":"2025-05-14T12:58:40.000000Z","id":121,"qr_code":"storage\/qr_codes\/121.svg","user":{"id":72,"user_name":"\u307d\u3093","email":"pon@test.com","email_verified_at":"2025-05-14T12:57:55.000000Z","created_at":"2025-05-14T12:57:36.000000Z","updated_at":"2025-05-14T12:57:55.000000Z","role":3}},"last_visited_shop_id":"1"}  
[2025-05-14 21:59:13] local.INFO: Current time: 2025-05-14 21:59:13  
[2025-05-14 21:59:13] local.INFO: End time: 2025-05-15 22:00:00  
[2025-05-14 21:59:13] local.INFO: New date: 2025-05-15  
[2025-05-14 21:59:13] local.INFO: getBusinessHoursメソッドが呼び出されました  
[2025-05-14 21:59:13] local.INFO: パラメータ: {"openTime":"10:00","closeTime":"22:00","date":"2025-05-15","current":"2025-05-14 21:59:13"} 
[2025-05-14 21:59:13] local.INFO: 返却する営業時間: ["10:00","10:15","10:30","10:45","11:00","11:15","11:30","11:45","12:00","12:15","12:30","12:45","13:00","13:15","13:30","13:45","14:00","14:15","14:30","14:45","15:00","15:15","15:30","15:45","16:00","16:15","16:30","16:45","17:00","17:15","17:30","17:45","18:00","18:15","18:30","18:45","19:00","19:15","19:30","19:45","20:00","20:15","20:30","20:45","21:00","21:15","21:30","21:45","22:00"] 
[2025-05-14 21:59:13] local.INFO: Session clear flag set in returnFromDone  
[2025-05-14 21:59:13] local.INFO: ClearSessionAfterReturn middleware executed  
[2025-05-14 21:59:13] local.INFO: clear_session_on_leave flag: true  
[2025-05-14 21:59:13] local.INFO: Reservation session data cleared  
[2025-05-14 21:59:13] local.INFO: After clearing session: {"_token":"vYKt93k4C8jAcTbHAv3PTV1PAQDQFEqqjthQ24kS","_flash":{"old":[],"new":[]},"_previous":{"url":"http:\/\/localhost\/reservation\/done"},"login_web_59ba36addc2b2f9401580f014c7f58ea4e30989d":72}  
[2025-05-14 21:59:22] local.INFO: getBusinessHoursメソッドが呼び出されました  
[2025-05-14 21:59:22] local.INFO: パラメータ: {"openTime":"10:00","closeTime":"22:00","date":"2025-05-14","current":"2025-05-14 21:59:22"} 
[2025-05-14 21:59:22] local.INFO: 返却する営業時間:  
[2025-05-14 21:59:22] local.INFO: Times for reservation 121: []  
[2025-05-14 21:59:22] local.INFO: ClearSessionAfterReturn middleware executed  
[2025-05-14 21:59:22] local.INFO: clear_session_on_leave flag: false  
[2025-05-14 21:59:22] local.INFO: After clearing session: {"_token":"vYKt93k4C8jAcTbHAv3PTV1PAQDQFEqqjthQ24kS","_flash":{"old":[],"new":[]},"_previous":{"url":"http:\/\/localhost\/shops\/1\/return-from-done"},"login_web_59ba36addc2b2f9401580f014c7f58ea4e30989d":72}  
[2025-05-14 21:59:39] local.INFO: ClearSessionAfterReturn middleware executed  
[2025-05-14 21:59:39] local.INFO: clear_session_on_leave flag: false  
[2025-05-14 21:59:39] local.INFO: After clearing session: {"_token":"aB1CkdjqNAjEAFR4lOemApJOKUC8Zo7DjMwZX0yw"}  
[2025-05-14 21:59:39] local.INFO: ClearSessionAfterReturn middleware executed  
[2025-05-14 21:59:39] local.INFO: clear_session_on_leave flag: false  
[2025-05-14 21:59:39] local.INFO: After clearing session: {"_token":"aB1CkdjqNAjEAFR4lOemApJOKUC8Zo7DjMwZX0yw","_flash":{"old":[],"new":[]}}  
[2025-05-14 21:59:53] local.INFO: ClearSessionAfterReturn middleware executed  
[2025-05-14 21:59:53] local.INFO: clear_session_on_leave flag: false  
[2025-05-14 21:59:53] local.INFO: After clearing session: {"_token":"9XJtqLfPhsxy2oIYmg0a76pfOqk84rJUAvmx9xRu","_flash":{"old":[],"new":[]},"_previous":{"url":"http:\/\/localhost\/login"},"login_web_59ba36addc2b2f9401580f014c7f58ea4e30989d":52}  
[2025-05-14 21:59:53] local.INFO: ClearSessionAfterReturn middleware executed  
[2025-05-14 21:59:53] local.INFO: clear_session_on_leave flag: false  
[2025-05-14 21:59:53] local.INFO: After clearing session: {"_token":"9XJtqLfPhsxy2oIYmg0a76pfOqk84rJUAvmx9xRu","_flash":{"old":[],"new":[]},"_previous":{"url":"http:\/\/localhost\/login"},"login_web_59ba36addc2b2f9401580f014c7f58ea4e30989d":52}  
[2025-05-14 21:59:56] local.INFO: ClearSessionAfterReturn middleware executed  
[2025-05-14 21:59:56] local.INFO: clear_session_on_leave flag: false  
[2025-05-14 21:59:56] local.INFO: After clearing session: {"_token":"9XJtqLfPhsxy2oIYmg0a76pfOqk84rJUAvmx9xRu","_flash":{"old":[],"new":[]},"_previous":{"url":"http:\/\/localhost\/shop-manager\/dashboard"},"login_web_59ba36addc2b2f9401580f014c7f58ea4e30989d":52}  
[2025-05-14 22:00:02] local.INFO: ClearSessionAfterReturn middleware executed  
[2025-05-14 22:00:02] local.INFO: clear_session_on_leave flag: false  
[2025-05-14 22:00:02] local.INFO: After clearing session: {"_token":"9XJtqLfPhsxy2oIYmg0a76pfOqk84rJUAvmx9xRu","_flash":{"old":[],"new":[]},"_previous":{"url":"http:\/\/localhost\/shop-manager\/dashboard?page=2"},"login_web_59ba36addc2b2f9401580f014c7f58ea4e30989d":52}  
[2025-05-14 22:00:09] local.INFO: 金額設定リクエスト {"id":"121","request_data":{"_token":"9XJtqLfPhsxy2oIYmg0a76pfOqk84rJUAvmx9xRu","_method":"PUT","total_amount":"13240"},"shop_id":1} 
[2025-05-14 22:00:09] local.INFO: 取得した予約データ {"reservation_id":121,"shop_id":1,"current_amount":0,"current_status":"pending"} 
[2025-05-14 22:00:09] local.INFO: 更新する予約データ {"new_amount":"13240","new_status":"amount_set"} 
[2025-05-14 22:00:09] local.INFO: 更新結果 {"result":true} 
[2025-05-14 22:00:09] local.INFO: ClearSessionAfterReturn middleware executed  
[2025-05-14 22:00:09] local.INFO: clear_session_on_leave flag: false  
[2025-05-14 22:00:09] local.INFO: After clearing session: {"_token":"9XJtqLfPhsxy2oIYmg0a76pfOqk84rJUAvmx9xRu","_flash":{"old":[],"new":["success"]},"_previous":{"url":"http:\/\/localhost\/shop-manager\/reservations\/121\/details"},"login_web_59ba36addc2b2f9401580f014c7f58ea4e30989d":52,"success":"\u4e88\u7d04\u91d1\u984d\u3092\u8a2d\u5b9a\u3057\u307e\u3057\u305f"}  
[2025-05-14 22:00:09] local.INFO: ClearSessionAfterReturn middleware executed  
[2025-05-14 22:00:09] local.INFO: clear_session_on_leave flag: false  
[2025-05-14 22:00:09] local.INFO: After clearing session: {"_token":"9XJtqLfPhsxy2oIYmg0a76pfOqk84rJUAvmx9xRu","_flash":{"old":["success"],"new":[]},"_previous":{"url":"http:\/\/localhost\/shop-manager\/reservations\/121\/details"},"login_web_59ba36addc2b2f9401580f014c7f58ea4e30989d":52,"success":"\u4e88\u7d04\u91d1\u984d\u3092\u8a2d\u5b9a\u3057\u307e\u3057\u305f"}  
[2025-05-14 22:00:41] local.INFO: ClearSessionAfterReturn middleware executed  
[2025-05-14 22:00:41] local.INFO: clear_session_on_leave flag: false  
[2025-05-14 22:00:41] local.INFO: After clearing session: {"_token":"9XJtqLfPhsxy2oIYmg0a76pfOqk84rJUAvmx9xRu","_flash":{"old":[],"new":[]},"_previous":{"url":"http:\/\/localhost\/shop-manager\/dashboard"},"login_web_59ba36addc2b2f9401580f014c7f58ea4e30989d":52}  
[2025-05-14 22:00:43] local.INFO: ClearSessionAfterReturn middleware executed  
[2025-05-14 22:00:43] local.INFO: clear_session_on_leave flag: false  
[2025-05-14 22:00:43] local.INFO: After clearing session: {"_token":"9XJtqLfPhsxy2oIYmg0a76pfOqk84rJUAvmx9xRu","_flash":{"old":[],"new":[]},"_previous":{"url":"http:\/\/localhost\/shop-manager\/dashboard?page=2"},"login_web_59ba36addc2b2f9401580f014c7f58ea4e30989d":52}  
[2025-05-14 22:00:57] local.INFO: ClearSessionAfterReturn middleware executed  
[2025-05-14 22:00:57] local.INFO: clear_session_on_leave flag: false  
[2025-05-14 22:00:57] local.INFO: After clearing session: {"_token":"Rm7VTAv8J5cDUIoEfUTNgX5ejJpYbAAhnbC1GuqB"}  
[2025-05-14 22:00:57] local.INFO: ClearSessionAfterReturn middleware executed  
[2025-05-14 22:00:57] local.INFO: clear_session_on_leave flag: false  
[2025-05-14 22:00:57] local.INFO: After clearing session: {"_token":"Rm7VTAv8J5cDUIoEfUTNgX5ejJpYbAAhnbC1GuqB","_flash":{"old":[],"new":[]}}  
[2025-05-14 22:01:36] local.INFO: ClearSessionAfterReturn middleware executed  
[2025-05-14 22:01:36] local.INFO: clear_session_on_leave flag: false  
[2025-05-14 22:01:36] local.INFO: After clearing session: {"_token":"nGq0qTrUkB4FXgopJ4kUMagilg1xLXJgxyFC63GK","_flash":{"old":[],"new":[]},"_previous":{"url":"http:\/\/localhost\/login"},"login_web_59ba36addc2b2f9401580f014c7f58ea4e30989d":72}  
[2025-05-14 22:01:36] local.INFO: ClearSessionAfterReturn middleware executed  
[2025-05-14 22:01:36] local.INFO: clear_session_on_leave flag: false  
[2025-05-14 22:01:36] local.INFO: After clearing session: {"_token":"nGq0qTrUkB4FXgopJ4kUMagilg1xLXJgxyFC63GK","_flash":{"old":[],"new":[]},"_previous":{"url":"http:\/\/localhost\/login"},"login_web_59ba36addc2b2f9401580f014c7f58ea4e30989d":72}  
[2025-05-14 22:01:40] local.INFO: getBusinessHoursメソッドが呼び出されました  
[2025-05-14 22:01:40] local.INFO: パラメータ: {"openTime":"10:00","closeTime":"22:00","date":"2025-05-14","current":"2025-05-14 22:01:40"} 
[2025-05-14 22:01:40] local.INFO: 返却する営業時間:  
[2025-05-14 22:01:40] local.INFO: Times for reservation 121: []  
[2025-05-14 22:01:40] local.INFO: ClearSessionAfterReturn middleware executed  
[2025-05-14 22:01:40] local.INFO: clear_session_on_leave flag: false  
[2025-05-14 22:01:40] local.INFO: After clearing session: {"_token":"nGq0qTrUkB4FXgopJ4kUMagilg1xLXJgxyFC63GK","_flash":{"old":[],"new":[]},"_previous":{"url":"http:\/\/localhost"},"login_web_59ba36addc2b2f9401580f014c7f58ea4e30989d":72}  
[2025-05-14 22:01:45] local.INFO: ClearSessionAfterReturn middleware executed  
[2025-05-14 22:01:45] local.INFO: clear_session_on_leave flag: false  
[2025-05-14 22:01:45] local.INFO: After clearing session: {"_token":"nGq0qTrUkB4FXgopJ4kUMagilg1xLXJgxyFC63GK","_flash":{"old":[],"new":[]},"_previous":{"url":"http:\/\/localhost\/mypage"},"login_web_59ba36addc2b2f9401580f014c7f58ea4e30989d":72}  
[2025-05-14 22:03:24] local.INFO: ClearSessionAfterReturn middleware executed  
[2025-05-14 22:03:24] local.INFO: clear_session_on_leave flag: false  
[2025-05-14 22:03:24] local.INFO: After clearing session: {"_token":"nGq0qTrUkB4FXgopJ4kUMagilg1xLXJgxyFC63GK","_flash":{"old":[],"new":["success_message"]},"_previous":{"url":"http:\/\/localhost\/payment?reservation_id=121"},"login_web_59ba36addc2b2f9401580f014c7f58ea4e30989d":72,"success_message":"\u652f\u6255\u3044\u304c\u5b8c\u4e86\u3057\u307e\u3057\u305f\u3002"}  
[2025-05-14 22:03:25] local.INFO: getBusinessHoursメソッドが呼び出されました  
[2025-05-14 22:03:25] local.INFO: パラメータ: {"openTime":"10:00","closeTime":"22:00","date":"2025-05-14","current":"2025-05-14 22:03:25"} 
[2025-05-14 22:03:25] local.INFO: 返却する営業時間:  
[2025-05-14 22:03:25] local.INFO: Times for reservation 121: []  
[2025-05-14 22:03:25] local.INFO: ClearSessionAfterReturn middleware executed  
[2025-05-14 22:03:25] local.INFO: clear_session_on_leave flag: false  
[2025-05-14 22:03:25] local.INFO: After clearing session: {"_token":"nGq0qTrUkB4FXgopJ4kUMagilg1xLXJgxyFC63GK","_flash":{"old":["success_message"],"new":[]},"_previous":{"url":"http:\/\/localhost\/payment?reservation_id=121"},"login_web_59ba36addc2b2f9401580f014c7f58ea4e30989d":72,"success_message":"\u652f\u6255\u3044\u304c\u5b8c\u4e86\u3057\u307e\u3057\u305f\u3002"}  
[2025-05-14 22:07:27] local.INFO: ClearSessionAfterReturn middleware executed  
[2025-05-14 22:07:27] local.INFO: clear_session_on_leave flag: false  
[2025-05-14 22:07:27] local.INFO: After clearing session: {"_token":"w1NkJC1ApNTSk2w5oUN2UCWiNEZICcFTFkcaRBwZ"}  
[2025-05-14 22:07:27] local.INFO: ClearSessionAfterReturn middleware executed  
[2025-05-14 22:07:27] local.INFO: clear_session_on_leave flag: false  
[2025-05-14 22:07:27] local.INFO: After clearing session: {"_token":"w1NkJC1ApNTSk2w5oUN2UCWiNEZICcFTFkcaRBwZ","_flash":{"old":[],"new":[]}}  
